plantis/build/app/intermediates/manifest_merge_blame_file/debug/manifest-merger-blame-debug-report.txt
1<?xml version="1.0" encoding="utf-8"?>
2<manifest xmlns:android="http://schemas.android.com/apk/res/android"
3    package="com.cursoflutter.caipora.plantis"
4    android:versionCode="1"
5    android:versionName="1.0.0" >
6
7    <uses-sdk
8        android:minSdkVersion="16"
9        android:targetSdkVersion="29" />
10    <!--
11         Flutter needs it to communicate with the running application
12         to allow setting breakpoints, to provide hot reload, etc.
13    -->
14    <uses-permission android:name="android.permission.INTERNET" />
14-->src/main/AndroidManifest.xml:68:5-66
14-->src/main/AndroidManifest.xml:68:22-64
15    <!-- Although the *SdkVersion is captured in gradle build files, this is required for non gradle builds -->
16    <!-- <uses-sdk android:minSdkVersion="14" /> -->
17    <uses-permission android:name="android.permission.ACCESS_NETWORK_STATE" />
17-->[com.google.firebase:firebase-firestore:21.4.1] AndroidManifest.xml:13:5-79
17-->[com.google.firebase:firebase-firestore:21.4.1] AndroidManifest.xml:13:22-76
18    <uses-permission android:name="android.permission.WAKE_LOCK" /> <!-- Required by older versions of Google Play services to create IID tokens -->
18-->[com.google.android.gms:play-services-measurement-api:17.2.3] AndroidManifest.xml:24:5-68
18-->[com.google.android.gms:play-services-measurement-api:17.2.3] AndroidManifest.xml:24:22-65
19    <uses-permission android:name="com.google.android.c2dm.permission.RECEIVE" />
19-->[com.google.firebase:firebase-iid:20.0.2] AndroidManifest.xml:26:5-82
19-->[com.google.firebase:firebase-iid:20.0.2] AndroidManifest.xml:26:22-79
20    <uses-permission android:name="com.google.android.finsky.permission.BIND_GET_INSTALL_REFERRER_SERVICE" />
20-->[com.google.android.gms:play-services-measurement:17.2.3] AndroidManifest.xml:26:5-110
20-->[com.google.android.gms:play-services-measurement:17.2.3] AndroidManifest.xml:26:22-107
21    <!--
22 io.flutter.app.FlutterApplication is an android.app.Application that
23         calls FlutterMain.startInitialization(this); in its onCreate method.
24         In most cases you can leave this as-is, but you if you want to provide
25         additional functionality it is fine to subclass or reimplement
26         FlutterApplication and put your custom class here.
27    -->
28    <application
28-->src/main/AndroidManifest.xml:8:5-67:19
29        android:name="io.flutter.app.FlutterApplication"
29-->src/main/AndroidManifest.xml:9:9-57
30        android:appComponentFactory="androidx.core.app.CoreComponentFactory"
30-->[androidx.core:core:1.1.0] AndroidManifest.xml:24:18-86
31        android:debuggable="true"
32        android:icon="@mipmap/ic_launcher"
32-->src/main/AndroidManifest.xml:11:9-43
33        android:label="plantis"
33-->src/main/AndroidManifest.xml:10:9-32
34        android:supportsRtl="true" >
34-->[com.facebook.android:facebook-login:5.5.1] AndroidManifest.xml:28:18-44
35        <activity
35-->src/main/AndroidManifest.xml:12:9-40:20
36            android:name="com.cursoflutter.caipora.plantis.MainActivity"
36-->src/main/AndroidManifest.xml:13:13-41
37            android:configChanges="orientation|keyboardHidden|keyboard|screenSize|smallestScreenSize|locale|layoutDirection|fontScale|screenLayout|density|uiMode"
37-->src/main/AndroidManifest.xml:16:13-163
38            android:hardwareAccelerated="true"
38-->src/main/AndroidManifest.xml:17:13-47
39            android:launchMode="singleTop"
39-->src/main/AndroidManifest.xml:14:13-43
40            android:theme="@style/LaunchTheme"
40-->src/main/AndroidManifest.xml:15:13-47
41            android:windowSoftInputMode="adjustResize" >
41-->src/main/AndroidManifest.xml:18:13-55
42
43            <!--
44                 Specifies an Android theme to apply to this Activity as soon as
45                 the Android process has started. This theme is visible to the user
46                 while the Flutter UI initializes. After that, this theme continues
47                 to determine the Window background behind the Flutter UI.
48            -->
49            <meta-data
49-->src/main/AndroidManifest.xml:23:13-26:17
50                android:name="io.flutter.embedding.android.NormalTheme"
50-->src/main/AndroidManifest.xml:24:15-70
51                android:resource="@style/NormalTheme" />
51-->src/main/AndroidManifest.xml:25:15-52
52            <!--
53                 Displays an Android View that continues showing the launch screen
54                 Drawable until Flutter paints its first frame, then this splash
55                 screen fades out. A splash screen is useful to avoid any visual
56                 gap between the end of Android's launch screen and the painting of
57                 Flutter's first frame.
58            -->
59            <meta-data
59-->src/main/AndroidManifest.xml:32:13-35:17
60                android:name="io.flutter.embedding.android.SplashScreenDrawable"
60-->src/main/AndroidManifest.xml:33:15-79
61                android:resource="@drawable/launch_background" />
61-->src/main/AndroidManifest.xml:34:15-61
62
63            <intent-filter>
63-->src/main/AndroidManifest.xml:36:13-39:29
64                <action android:name="android.intent.action.MAIN" />
64-->src/main/AndroidManifest.xml:37:17-68
64-->src/main/AndroidManifest.xml:37:25-66
65
66                <category android:name="android.intent.category.LAUNCHER" />
66-->src/main/AndroidManifest.xml:38:17-76
66-->src/main/AndroidManifest.xml:38:27-74
67            </intent-filter>
68        </activity>
69        <!--
70             Don't delete the meta-data below.
71             This is used by the Flutter tool to generate GeneratedPluginRegistrant.java
72        -->
73        <meta-data
73-->src/main/AndroidManifest.xml:43:9-45:33
74            android:name="flutterEmbedding"
74-->src/main/AndroidManifest.xml:44:13-44
75            android:value="2" />
75-->src/main/AndroidManifest.xml:45:13-30
76        <meta-data
76-->src/main/AndroidManifest.xml:46:9-48:54
77            android:name="com.facebook.sdk.ApplicationId"
77-->src/main/AndroidManifest.xml:47:13-58
78            android:value="@string/facebook_app_id" />
78-->src/main/AndroidManifest.xml:48:13-52
79
80        <activity
80-->src/main/AndroidManifest.xml:49:9-52:48
81            android:name="com.facebook.FacebookActivity"
81-->src/main/AndroidManifest.xml:50:13-57
82            android:configChanges="keyboard|keyboardHidden|screenLayout|screenSize|orientation"
82-->src/main/AndroidManifest.xml:51:13-97
83            android:label="@string/app_name"
83-->src/main/AndroidManifest.xml:52:13-45
84            android:theme="@style/com_facebook_activity_theme" />
84-->[com.facebook.android:facebook-common:5.5.1] AndroidManifest.xml:32:13-63
85        <activity
85-->src/main/AndroidManifest.xml:53:9-66:20
86            android:name="com.facebook.CustomTabActivity"
86-->src/main/AndroidManifest.xml:54:13-58
87            android:exported="true" >
87-->src/main/AndroidManifest.xml:55:13-36
88            <intent-filter>
88-->src/main/AndroidManifest.xml:56:13-65:29
89                <action android:name="android.intent.action.VIEW" />
89-->src/main/AndroidManifest.xml:57:17-58:65
89-->src/main/AndroidManifest.xml:58:21-62
90
91                <category android:name="android.intent.category.DEFAULT" />
91-->src/main/AndroidManifest.xml:59:17-60:70
91-->src/main/AndroidManifest.xml:60:21-67
92                <category android:name="android.intent.category.BROWSABLE" />
92-->src/main/AndroidManifest.xml:61:17-62:72
92-->src/main/AndroidManifest.xml:62:21-69
93
94                <data android:scheme="@string/fb_login_protocol_scheme" />
94-->src/main/AndroidManifest.xml:63:17-64:73
94-->src/main/AndroidManifest.xml:64:21-70
95            </intent-filter>
96        </activity>
97
98        <service
98-->[:firebase_auth] AndroidManifest.xml:8:9-12:19
99            android:name="com.google.firebase.components.ComponentDiscoveryService"
99-->[:firebase_auth] AndroidManifest.xml:8:18-89
100            android:directBootAware="true"
100-->[com.google.firebase:firebase-common:19.3.0] AndroidManifest.xml:34:13-43
101            android:exported="false" >
101-->[com.google.firebase:firebase-auth:19.3.0] AndroidManifest.xml:35:13-37
102            <meta-data
102-->[:firebase_auth] AndroidManifest.xml:9:13-11:85
103                android:name="com.google.firebase.components:io.flutter.plugins.firebaseauth.FlutterFirebaseAppRegistrar"
103-->[:firebase_auth] AndroidManifest.xml:10:17-122
104                android:value="com.google.firebase.components.ComponentRegistrar" />
104-->[:firebase_auth] AndroidManifest.xml:11:17-82
105            <meta-data
105-->[:firebase_database] AndroidManifest.xml:9:13-11:85
106                android:name="com.google.firebase.components:io.flutter.plugins.firebase.database.FlutterFirebaseAppRegistrar"
106-->[:firebase_database] AndroidManifest.xml:10:17-127
107                android:value="com.google.firebase.components.ComponentRegistrar" />
107-->[:firebase_database] AndroidManifest.xml:11:17-82
108            <meta-data
108-->[:firebase_storage] AndroidManifest.xml:9:13-11:85
109                android:name="com.google.firebase.components:io.flutter.plugins.firebase.storage.FlutterFirebaseAppRegistrar"
109-->[:firebase_storage] AndroidManifest.xml:10:17-126
110                android:value="com.google.firebase.components.ComponentRegistrar" />
110-->[:firebase_storage] AndroidManifest.xml:11:17-82
111            <meta-data
111-->[:firebase_core] AndroidManifest.xml:9:13-11:85
112                android:name="com.google.firebase.components:io.flutter.plugins.firebase.core.FlutterFirebaseAppRegistrar"
112-->[:firebase_core] AndroidManifest.xml:10:17-123
113                android:value="com.google.firebase.components.ComponentRegistrar" />
113-->[:firebase_core] AndroidManifest.xml:11:17-82
114            <meta-data
114-->[com.google.firebase:firebase-auth:19.3.0] AndroidManifest.xml:36:13-38:85
115                android:name="com.google.firebase.components:com.google.firebase.auth.FirebaseAuthRegistrar"
115-->[com.google.firebase:firebase-auth:19.3.0] AndroidManifest.xml:37:17-109
116                android:value="com.google.firebase.components.ComponentRegistrar" />
116-->[com.google.firebase:firebase-auth:19.3.0] AndroidManifest.xml:38:17-82
117            <meta-data
117-->[com.google.firebase:firebase-firestore:21.4.1] AndroidManifest.xml:20:13-22:85
118                android:name="com.google.firebase.components:com.google.firebase.firestore.FirestoreRegistrar"
118-->[com.google.firebase:firebase-firestore:21.4.1] AndroidManifest.xml:21:17-111
119                android:value="com.google.firebase.components.ComponentRegistrar" />
119-->[com.google.firebase:firebase-firestore:21.4.1] AndroidManifest.xml:22:17-82
120            <meta-data
120-->[com.google.firebase:firebase-storage:19.1.1] AndroidManifest.xml:33:13-35:85
121                android:name="com.google.firebase.components:com.google.firebase.storage.StorageRegistrar"
121-->[com.google.firebase:firebase-storage:19.1.1] AndroidManifest.xml:34:17-107
122                android:value="com.google.firebase.components.ComponentRegistrar" />
122-->[com.google.firebase:firebase-storage:19.1.1] AndroidManifest.xml:35:17-82
123            <meta-data
123-->[com.google.firebase:firebase-database:17.0.0] AndroidManifest.xml:30:13-32:85
124                android:name="com.google.firebase.components:com.google.firebase.database.DatabaseRegistrar"
124-->[com.google.firebase:firebase-database:17.0.0] AndroidManifest.xml:31:17-109
125                android:value="com.google.firebase.components.ComponentRegistrar" />
125-->[com.google.firebase:firebase-database:17.0.0] AndroidManifest.xml:32:17-82
126            <meta-data
126-->[com.google.android.gms:play-services-measurement-api:17.2.3] AndroidManifest.xml:30:13-32:85
127                android:name="com.google.firebase.components:com.google.firebase.analytics.connector.internal.AnalyticsConnectorRegistrar"
127-->[com.google.android.gms:play-services-measurement-api:17.2.3] AndroidManifest.xml:31:17-139
128                android:value="com.google.firebase.components.ComponentRegistrar" />
128-->[com.google.android.gms:play-services-measurement-api:17.2.3] AndroidManifest.xml:32:17-82
129            <meta-data
129-->[com.google.firebase:firebase-iid:20.0.2] AndroidManifest.xml:32:13-34:85
130                android:name="com.google.firebase.components:com.google.firebase.iid.Registrar"
130-->[com.google.firebase:firebase-iid:20.0.2] AndroidManifest.xml:33:17-96
131                android:value="com.google.firebase.components.ComponentRegistrar" />
131-->[com.google.firebase:firebase-iid:20.0.2] AndroidManifest.xml:34:17-82
132        </service>
133
134        <activity
134-->[com.google.firebase:firebase-auth:19.3.0] AndroidManifest.xml:24:9-31:50
135            android:name="com.google.firebase.auth.internal.FederatedSignInActivity"
135-->[com.google.firebase:firebase-auth:19.3.0] AndroidManifest.xml:25:13-85
136            android:excludeFromRecents="true"
136-->[com.google.firebase:firebase-auth:19.3.0] AndroidManifest.xml:26:13-46
137            android:exported="true"
137-->[com.google.firebase:firebase-auth:19.3.0] AndroidManifest.xml:27:13-36
138            android:launchMode="singleTask"
138-->[com.google.firebase:firebase-auth:19.3.0] AndroidManifest.xml:28:13-44
139            android:permission="com.google.firebase.auth.api.gms.permission.LAUNCH_FEDERATED_SIGN_IN"
139-->[com.google.firebase:firebase-auth:19.3.0] AndroidManifest.xml:29:13-102
140            android:theme="@android:style/Theme.Translucent.NoTitleBar" />
140-->[com.google.firebase:firebase-auth:19.3.0] AndroidManifest.xml:30:13-72
141        <activity
141-->[com.google.android.gms:play-services-auth:16.0.1] AndroidManifest.xml:23:9-27:75
142            android:name="com.google.android.gms.auth.api.signin.internal.SignInHubActivity"
142-->[com.google.android.gms:play-services-auth:16.0.1] AndroidManifest.xml:24:13-93
143            android:excludeFromRecents="true"
143-->[com.google.android.gms:play-services-auth:16.0.1] AndroidManifest.xml:25:13-46
144            android:exported="false"
144-->[com.google.android.gms:play-services-auth:16.0.1] AndroidManifest.xml:26:13-37
145            android:theme="@android:style/Theme.Translucent.NoTitleBar" />
145-->[com.google.android.gms:play-services-auth:16.0.1] AndroidManifest.xml:27:13-72
146        <!--
147            Service handling Google Sign-In user revocation. For apps that do not integrate with
148            Google Sign-In, this service will never be started.
149        -->
150        <service
150-->[com.google.android.gms:play-services-auth:16.0.1] AndroidManifest.xml:33:9-36:110
151            android:name="com.google.android.gms.auth.api.signin.RevocationBoundService"
151-->[com.google.android.gms:play-services-auth:16.0.1] AndroidManifest.xml:34:13-89
152            android:exported="true"
152-->[com.google.android.gms:play-services-auth:16.0.1] AndroidManifest.xml:35:13-36
153            android:permission="com.google.android.gms.auth.api.signin.permission.REVOCATION_NOTIFICATION" />
153-->[com.google.android.gms:play-services-auth:16.0.1] AndroidManifest.xml:36:13-107
154
155        <receiver
155-->[com.google.firebase:firebase-iid:20.0.2] AndroidManifest.xml:37:9-44:20
156            android:name="com.google.firebase.iid.FirebaseInstanceIdReceiver"
156-->[com.google.firebase:firebase-iid:20.0.2] AndroidManifest.xml:38:13-78
157            android:exported="true"
157-->[com.google.firebase:firebase-iid:20.0.2] AndroidManifest.xml:39:13-36
158            android:permission="com.google.android.c2dm.permission.SEND" >
158-->[com.google.firebase:firebase-iid:20.0.2] AndroidManifest.xml:40:13-73
159            <intent-filter>
159-->[com.google.firebase:firebase-iid:20.0.2] AndroidManifest.xml:41:13-43:29
160                <action android:name="com.google.android.c2dm.intent.RECEIVE" />
160-->[com.google.firebase:firebase-iid:20.0.2] AndroidManifest.xml:42:17-81
160-->[com.google.firebase:firebase-iid:20.0.2] AndroidManifest.xml:42:25-78
161            </intent-filter>
162        </receiver>
163
164        <activity
164-->[com.google.android.gms:play-services-base:17.1.0] AndroidManifest.xml:23:9-26:75
165            android:name="com.google.android.gms.common.api.GoogleApiActivity"
165-->[com.google.android.gms:play-services-base:17.1.0] AndroidManifest.xml:24:13-79
166            android:exported="false"
166-->[com.google.android.gms:play-services-base:17.1.0] AndroidManifest.xml:25:13-37
167            android:theme="@android:style/Theme.Translucent.NoTitleBar" />
167-->[com.google.android.gms:play-services-base:17.1.0] AndroidManifest.xml:26:13-72
168
169        <receiver
169-->[com.google.android.gms:play-services-measurement:17.2.3] AndroidManifest.xml:29:9-33:20
170            android:name="com.google.android.gms.measurement.AppMeasurementReceiver"
170-->[com.google.android.gms:play-services-measurement:17.2.3] AndroidManifest.xml:30:13-85
171            android:enabled="true"
171-->[com.google.android.gms:play-services-measurement:17.2.3] AndroidManifest.xml:31:13-35
172            android:exported="false" >
172-->[com.google.android.gms:play-services-measurement:17.2.3] AndroidManifest.xml:32:13-37
173        </receiver>
174        <receiver
174-->[com.google.android.gms:play-services-measurement:17.2.3] AndroidManifest.xml:34:9-42:20
175            android:name="com.google.android.gms.measurement.AppMeasurementInstallReferrerReceiver"
175-->[com.google.android.gms:play-services-measurement:17.2.3] AndroidManifest.xml:35:13-100
176            android:enabled="true"
176-->[com.google.android.gms:play-services-measurement:17.2.3] AndroidManifest.xml:36:13-35
177            android:exported="true"
177-->[com.google.android.gms:play-services-measurement:17.2.3] AndroidManifest.xml:37:13-36
178            android:permission="android.permission.INSTALL_PACKAGES" >
178-->[com.google.android.gms:play-services-measurement:17.2.3] AndroidManifest.xml:38:13-69
179            <intent-filter>
179-->[com.google.android.gms:play-services-measurement:17.2.3] AndroidManifest.xml:39:13-41:29
180                <action android:name="com.android.vending.INSTALL_REFERRER" />
180-->[com.google.android.gms:play-services-measurement:17.2.3] AndroidManifest.xml:40:17-79
180-->[com.google.android.gms:play-services-measurement:17.2.3] AndroidManifest.xml:40:25-76
181            </intent-filter>
182        </receiver>
183
184        <service
184-->[com.google.android.gms:play-services-measurement:17.2.3] AndroidManifest.xml:44:9-47:40
185            android:name="com.google.android.gms.measurement.AppMeasurementService"
185-->[com.google.android.gms:play-services-measurement:17.2.3] AndroidManifest.xml:45:13-84
186            android:enabled="true"
186-->[com.google.android.gms:play-services-measurement:17.2.3] AndroidManifest.xml:46:13-35
187            android:exported="false" />
187-->[com.google.android.gms:play-services-measurement:17.2.3] AndroidManifest.xml:47:13-37
188        <service
188-->[com.google.android.gms:play-services-measurement:17.2.3] AndroidManifest.xml:48:9-52:72
189            android:name="com.google.android.gms.measurement.AppMeasurementJobService"
189-->[com.google.android.gms:play-services-measurement:17.2.3] AndroidManifest.xml:49:13-87
190            android:enabled="true"
190-->[com.google.android.gms:play-services-measurement:17.2.3] AndroidManifest.xml:50:13-35
191            android:exported="false"
191-->[com.google.android.gms:play-services-measurement:17.2.3] AndroidManifest.xml:51:13-37
192            android:permission="android.permission.BIND_JOB_SERVICE" />
192-->[com.google.android.gms:play-services-measurement:17.2.3] AndroidManifest.xml:52:13-69
193
194        <provider
194-->[com.google.firebase:firebase-common:19.3.0] AndroidManifest.xml:26:9-30:39
195            android:name="com.google.firebase.provider.FirebaseInitProvider"
195-->[com.google.firebase:firebase-common:19.3.0] AndroidManifest.xml:27:13-77
196            android:authorities="com.cursoflutter.caipora.plantis.firebaseinitprovider"
196-->[com.google.firebase:firebase-common:19.3.0] AndroidManifest.xml:28:13-72
197            android:exported="false"
197-->[com.google.firebase:firebase-common:19.3.0] AndroidManifest.xml:29:13-37
198            android:initOrder="100" />
198-->[com.google.firebase:firebase-common:19.3.0] AndroidManifest.xml:30:13-36
199
200        <meta-data
200-->[com.google.android.gms:play-services-basement:17.0.0] AndroidManifest.xml:23:9-25:69
201            android:name="com.google.android.gms.version"
201-->[com.google.android.gms:play-services-basement:17.0.0] AndroidManifest.xml:24:13-58
202            android:value="@integer/google_play_services_version" />
202-->[com.google.android.gms:play-services-basement:17.0.0] AndroidManifest.xml:25:13-66
203
204        <activity android:name="com.facebook.CustomTabMainActivity" />
204-->[com.facebook.android:facebook-common:5.5.1] AndroidManifest.xml:33:9-71
204-->[com.facebook.android:facebook-common:5.5.1] AndroidManifest.xml:33:19-68
205        <!--
206         The initialization ContentProvider will call FacebookSdk.sdkInitialize automatically
207         with the application context. This config is merged in with the host app's manifest,
208         but there can only be one provider with the same authority activated at any given
209         point; so if the end user has two or more different apps that use Facebook SDK, only the
210         first one will be able to use the provider. To work around this problem, we use the
211         following placeholder in the authority to identify each host application as if it was
212         a completely different provider.
213        -->
214        <provider
214-->[com.facebook.android:facebook-core:5.5.1] AndroidManifest.xml:39:9-42:40
215            android:name="com.facebook.internal.FacebookInitProvider"
215-->[com.facebook.android:facebook-core:5.5.1] AndroidManifest.xml:40:13-70
216            android:authorities="com.cursoflutter.caipora.plantis.FacebookInitProvider"
216-->[com.facebook.android:facebook-core:5.5.1] AndroidManifest.xml:41:13-72
217            android:exported="false" />
217-->[com.facebook.android:facebook-core:5.5.1] AndroidManifest.xml:42:13-37
218
219        <receiver
219-->[com.facebook.android:facebook-core:5.5.1] AndroidManifest.xml:44:9-50:20
220            android:name="com.facebook.CurrentAccessTokenExpirationBroadcastReceiver"
220-->[com.facebook.android:facebook-core:5.5.1] AndroidManifest.xml:45:13-86
221            android:exported="false" >
221-->[com.facebook.android:facebook-core:5.5.1] AndroidManifest.xml:46:13-37
222            <intent-filter>
222-->[com.facebook.android:facebook-core:5.5.1] AndroidManifest.xml:47:13-49:29
223                <action android:name="com.facebook.sdk.ACTION_CURRENT_ACCESS_TOKEN_CHANGED" />
223-->[com.facebook.android:facebook-core:5.5.1] AndroidManifest.xml:48:17-95
223-->[com.facebook.android:facebook-core:5.5.1] AndroidManifest.xml:48:25-92
224            </intent-filter>
225        </receiver>
226        <receiver
226-->[com.facebook.android:facebook-core:5.5.1] AndroidManifest.xml:51:9-58:20
227            android:name="com.facebook.CampaignTrackingReceiver"
227-->[com.facebook.android:facebook-core:5.5.1] AndroidManifest.xml:52:13-65
228            android:exported="true"
228-->[com.facebook.android:facebook-core:5.5.1] AndroidManifest.xml:53:13-36
229            android:permission="android.permission.INSTALL_PACKAGES" >
229-->[com.facebook.android:facebook-core:5.5.1] AndroidManifest.xml:54:13-69
230            <intent-filter>
230-->[com.google.android.gms:play-services-measurement:17.2.3] AndroidManifest.xml:39:13-41:29
231                <action android:name="com.android.vending.INSTALL_REFERRER" />
231-->[com.google.android.gms:play-services-measurement:17.2.3] AndroidManifest.xml:40:17-79
231-->[com.google.android.gms:play-services-measurement:17.2.3] AndroidManifest.xml:40:25-76
232            </intent-filter>
233        </receiver>
234    </application>
235
236</manifest>